{"level":"error","message":"Error creating team member: MongoServerError: E11000 duplicate key error collection: KyraCRM.users index: email_1 dup key: { email: \"devhem2611@gmail.com\" }","timestamp":"2026-03-18 23:25:58"}
{"level":"error","message":"Error creating team member: MongoServerError: E11000 duplicate key error collection: KyraCRM.users index: email_1 dup key: { email: \"devhem2611@gmail.com\" }","timestamp":"2026-03-18 23:26:07"}
{"level":"error","message":"Error creating team member: TypeError: Class constructor CreateTeamMemberDto cannot be invoked without 'new'","timestamp":"2026-03-22 20:57:13"}
{"level":"error","message":"Error creating team member: ReferenceError: teamMember is not defined","timestamp":"2026-03-22 20:57:23"}
{"level":"error","message":"Error creating team member: ReferenceError: teamMember is not defined","timestamp":"2026-03-22 21:05:38"}
{"level":"error","message":"Error creating team member: ReferenceError: teamMember is not defined","timestamp":"2026-03-22 21:10:05"}
{"level":"error","message":"Error creating team member: ReferenceError: teamMember is not defined","timestamp":"2026-03-22 21:10:32"}
{"level":"error","message":"Error creating team member: ReferenceError: teamMember is not defined","timestamp":"2026-03-22 21:10:41"}
{"level":"error","message":"Error creating team member: Error: firstName is required","timestamp":"2026-03-22 21:11:55"}
{"level":"error","message":"Error creating team member: Error: Missing required fields firstName and email","timestamp":"2026-03-22 21:13:33"}
{"level":"error","message":"Error creating team member: Error: Missing required fields firstName and email","timestamp":"2026-03-22 21:13:39"}
{"level":"error","message":"Error creating team member: ReferenceError: teamMember is not defined","timestamp":"2026-03-22 21:13:51"}
{"level":"error","message":"Error creating team member: ReferenceError: teamMember is not defined","timestamp":"2026-03-22 21:14:21"}
{"level":"error","message":"Error creating team member: ReferenceError: teamMember is not defined","timestamp":"2026-03-22 21:15:35"}
{"level":"error","message":"Error creating team member: ReferenceError: teamMember is not defined","timestamp":"2026-03-22 21:16:03"}
{"level":"error","message":"Error creating team member: ReferenceError: teamMember is not defined","timestamp":"2026-03-22 21:17:04"}
{"level":"error","message":"Error creating team member: ReferenceError: teamMember is not defined","timestamp":"2026-03-22 21:17:17"}
{"level":"error","message":"Error creating team member: ReferenceError: teamMember is not defined","timestamp":"2026-03-22 21:29:54"}
{"level":"error","message":"Error creating team member: Error: User already assigned","timestamp":"2026-03-22 22:00:13"}
{"level":"error","message":"Error creating team member: Error: User already assigned","timestamp":"2026-03-22 22:01:04"}
{"level":"error","message":"Error creating team member: Error: User already assigned","timestamp":"2026-03-22 22:04:03"}
{"level":"error","message":"Error creating team member: Error: User already assigned","timestamp":"2026-03-22 22:04:12"}
{"level":"error","message":"Error creating team member: Error: User already assigned","timestamp":"2026-03-22 22:04:33"}
{"level":"error","message":"Error creating team member: Error: User already assigned","timestamp":"2026-03-22 22:05:07"}
{"level":"error","message":"Error creating team member: ReferenceError: teamMember is not defined","timestamp":"2026-03-22 22:13:21"}
{"level":"error","message":"Error creating team member: Error: User already assigned","timestamp":"2026-03-22 22:18:31"}
{"level":"error","message":"Error assigning task to member: ReferenceError: assignment is not defined","timestamp":"2026-03-22 22:21:04"}
{"level":"error","message":"Error assigning task to member: Error: User not found","timestamp":"2026-03-22 22:30:59"}
{"level":"error","message":"Error assigning task to member: Error: User not found","timestamp":"2026-03-22 22:31:30"}
{"level":"error","message":"Error assigning task to member: Error: User not found","timestamp":"2026-03-22 22:32:26"}
{"level":"error","message":"Error assigning task to member: Error: User not found","timestamp":"2026-03-22 22:33:00"}
{"level":"error","message":"Error creating team member: Error: User already assigned","timestamp":"2026-03-22 22:34:10"}
{"level":"error","message":"Error assigning task to member: Error: User not found","timestamp":"2026-03-22 22:35:50"}
{"level":"error","message":"Error assigning task to member: Error: User not found","timestamp":"2026-03-22 22:36:16"}
{"level":"error","message":"Error assigning task to member: MongoServerError: E11000 duplicate key error collection: KyraCRM.useraccounts index: userId_1_accountId_1 dup key: { userId: ObjectId('69c031fb9fe7a07324744259'), accountId: ObjectId('69bec05a7c7d13c1111ef8cb') }","timestamp":"2026-03-23 00:19:57"}
{"level":"error","message":"Error assigning task to member: MongoServerError: E11000 duplicate key error collection: KyraCRM.useraccounts index: userId_1_accountId_1 dup key: { userId: ObjectId('69c031fb9fe7a07324744259'), accountId: ObjectId('69bec05a7c7d13c1111ef8cb') }","timestamp":"2026-03-23 00:22:22"}
{"level":"error","message":"Error creating team member: Error: User already assigned","timestamp":"2026-03-23 21:00:51"}
